::1 - - [14/Apr/2022:13:00:10 +0000] "GET / HTTP/1.1" 302 72 "-" "Mozilla/5.0 (Windows NT 10.0; Win64; x64) AppleWebKit/537.36 (KHTML, like Gecko) Chrome/100.0.4896.88 Safari/537.36"
::1 - - [14/Apr/2022:13:00:10 +0000] "GET /users/sign-in HTTP/1.1" 200 4726 "-" "Mozilla/5.0 (Windows NT 10.0; Win64; x64) AppleWebKit/537.36 (KHTML, like Gecko) Chrome/100.0.4896.88 Safari/537.36"
::1 - - [14/Apr/2022:13:00:10 +0000] "GET /favicon.ico HTTP/1.1" 404 150 "http://localhost:8000/users/sign-in" "Mozilla/5.0 (Windows NT 10.0; Win64; x64) AppleWebKit/537.36 (KHTML, like Gecko) Chrome/100.0.4896.88 Safari/537.36"
::1 - - [14/Apr/2022:13:00:13 +0000] "GET /users/auth/google HTTP/1.1" 302 0 "http://localhost:8000/users/sign-in" "Mozilla/5.0 (Windows NT 10.0; Win64; x64) AppleWebKit/537.36 (KHTML, like Gecko) Chrome/100.0.4896.88 Safari/537.36"
::1 - - [14/Apr/2022:13:00:13 +0000] "GET /users/auth/google/callback?code=4%2F0AX4XfWhTlhLRzJcFb9LJSzFQyR6kzrNUb5ZJR4ZWMdbcevDzAaqQKCX4ypfAwK1tBFEfng&scope=email+profile+https%3A%2F%2Fwww.googleapis.com%2Fauth%2Fuserinfo.profile+https%3A%2F%2Fwww.googleapis.com%2Fauth%2Fuserinfo.email+openid&authuser=0&prompt=none HTTP/1.1" 302 46 "http://localhost:8000/" "Mozilla/5.0 (Windows NT 10.0; Win64; x64) AppleWebKit/537.36 (KHTML, like Gecko) Chrome/100.0.4896.88 Safari/537.36"
::1 - - [14/Apr/2022:13:00:14 +0000] "GET / HTTP/1.1" 200 32229 "http://localhost:8000/" "Mozilla/5.0 (Windows NT 10.0; Win64; x64) AppleWebKit/537.36 (KHTML, like Gecko) Chrome/100.0.4896.88 Safari/537.36"
::1 - - [14/Apr/2022:13:00:19 +0000] "GET /users/profile/6251aaeff84be7ed6977c566/6251aaeff84be7ed6977c566 HTTP/1.1" 200 33205 "http://localhost:8000/" "Mozilla/5.0 (Windows NT 10.0; Win64; x64) AppleWebKit/537.36 (KHTML, like Gecko) Chrome/100.0.4896.88 Safari/537.36"
::1 - - [14/Apr/2022:13:00:24 +0000] "GET /users/chatroom/6251aaeff84be7ed6977c566 HTTP/1.1" 200 10771 "http://localhost:8000/users/profile/6251aaeff84be7ed6977c566/6251aaeff84be7ed6977c566" "Mozilla/5.0 (Windows NT 10.0; Win64; x64) AppleWebKit/537.36 (KHTML, like Gecko) Chrome/100.0.4896.88 Safari/537.36"
::1 - - [14/Apr/2022:13:00:25 +0000] "POST /chat/chatroom HTTP/1.1" 200 3361 "http://localhost:8000/users/chatroom/6251aaeff84be7ed6977c566" "Mozilla/5.0 (Windows NT 10.0; Win64; x64) AppleWebKit/537.36 (KHTML, like Gecko) Chrome/100.0.4896.88 Safari/537.36"
::1 - - [14/Apr/2022:13:00:25 +0000] "POST /chat/chatroom HTTP/1.1" 200 3361 "http://localhost:8000/users/chatroom/6251aaeff84be7ed6977c566" "Mozilla/5.0 (Windows NT 10.0; Win64; x64) AppleWebKit/537.36 (KHTML, like Gecko) Chrome/100.0.4896.88 Safari/537.36"
::1 - - [14/Apr/2022:13:00:25 +0000] "POST /chat/chatroom HTTP/1.1" 200 633 "http://localhost:8000/users/chatroom/6251aaeff84be7ed6977c566" "Mozilla/5.0 (Windows NT 10.0; Win64; x64) AppleWebKit/537.36 (KHTML, like Gecko) Chrome/100.0.4896.88 Safari/537.36"
::1 - - [14/Apr/2022:13:00:28 +0000] "POST /chat/chatroom HTTP/1.1" 200 3361 "http://localhost:8000/users/chatroom/6251aaeff84be7ed6977c566" "Mozilla/5.0 (Windows NT 10.0; Win64; x64) AppleWebKit/537.36 (KHTML, like Gecko) Chrome/100.0.4896.88 Safari/537.36"
::1 - - [14/Apr/2022:13:00:28 +0000] "POST /chat/chatroom HTTP/1.1" 200 3361 "http://localhost:8000/users/chatroom/6251aaeff84be7ed6977c566" "Mozilla/5.0 (Windows NT 10.0; Win64; x64) AppleWebKit/537.36 (KHTML, like Gecko) Chrome/100.0.4896.88 Safari/537.36"
::1 - - [14/Apr/2022:13:00:28 +0000] "POST /chat/chatroom HTTP/1.1" 200 3361 "http://localhost:8000/users/chatroom/6251aaeff84be7ed6977c566" "Mozilla/5.0 (Windows NT 10.0; Win64; x64) AppleWebKit/537.36 (KHTML, like Gecko) Chrome/100.0.4896.88 Safari/537.36"
::1 - - [14/Apr/2022:13:00:28 +0000] "POST /chat/chatroom HTTP/1.1" 200 3361 "http://localhost:8000/users/chatroom/6251aaeff84be7ed6977c566" "Mozilla/5.0 (Windows NT 10.0; Win64; x64) AppleWebKit/537.36 (KHTML, like Gecko) Chrome/100.0.4896.88 Safari/537.36"
::1 - - [14/Apr/2022:13:00:29 +0000] "POST /chat/chatroom HTTP/1.1" 200 3361 "http://localhost:8000/users/chatroom/6251aaeff84be7ed6977c566" "Mozilla/5.0 (Windows NT 10.0; Win64; x64) AppleWebKit/537.36 (KHTML, like Gecko) Chrome/100.0.4896.88 Safari/537.36"
::1 - - [14/Apr/2022:13:00:29 +0000] "POST /chat/chatroom HTTP/1.1" 200 3361 "http://localhost:8000/users/chatroom/6251aaeff84be7ed6977c566" "Mozilla/5.0 (Windows NT 10.0; Win64; x64) AppleWebKit/537.36 (KHTML, like Gecko) Chrome/100.0.4896.88 Safari/537.36"
::1 - - [14/Apr/2022:13:00:29 +0000] "POST /chat/chatroom HTTP/1.1" 200 3361 "http://localhost:8000/users/chatroom/6251aaeff84be7ed6977c566" "Mozilla/5.0 (Windows NT 10.0; Win64; x64) AppleWebKit/537.36 (KHTML, like Gecko) Chrome/100.0.4896.88 Safari/537.36"
::1 - - [14/Apr/2022:13:00:29 +0000] "POST /chat/chatroom HTTP/1.1" 200 3361 "http://localhost:8000/users/chatroom/6251aaeff84be7ed6977c566" "Mozilla/5.0 (Windows NT 10.0; Win64; x64) AppleWebKit/537.36 (KHTML, like Gecko) Chrome/100.0.4896.88 Safari/537.36"
::1 - - [14/Apr/2022:13:00:32 +0000] "POST /chat/chatroom HTTP/1.1" 200 3361 "http://localhost:8000/users/chatroom/6251aaeff84be7ed6977c566" "Mozilla/5.0 (Linux; Android 8.0.0; SM-G955U Build/R16NW) AppleWebKit/537.36 (KHTML, like Gecko) Chrome/87.0.4280.141 Mobile Safari/537.36"
::1 - - [14/Apr/2022:13:00:32 +0000] "POST /chat/chatroom HTTP/1.1" 200 3361 "http://localhost:8000/users/chatroom/6251aaeff84be7ed6977c566" "Mozilla/5.0 (Linux; Android 8.0.0; SM-G955U Build/R16NW) AppleWebKit/537.36 (KHTML, like Gecko) Chrome/87.0.4280.141 Mobile Safari/537.36"
::1 - - [14/Apr/2022:13:00:33 +0000] "POST /chat/chatroom HTTP/1.1" 200 3361 "http://localhost:8000/users/chatroom/6251aaeff84be7ed6977c566" "Mozilla/5.0 (Linux; Android 8.0.0; SM-G955U Build/R16NW) AppleWebKit/537.36 (KHTML, like Gecko) Chrome/87.0.4280.141 Mobile Safari/537.36"
::1 - - [14/Apr/2022:13:00:33 +0000] "POST /chat/chatroom HTTP/1.1" 200 3361 "http://localhost:8000/users/chatroom/6251aaeff84be7ed6977c566" "Mozilla/5.0 (Linux; Android 8.0.0; SM-G955U Build/R16NW) AppleWebKit/537.36 (KHTML, like Gecko) Chrome/87.0.4280.141 Mobile Safari/537.36"
::1 - - [14/Apr/2022:13:00:37 +0000] "POST /chat/chatroom HTTP/1.1" 200 633 "http://localhost:8000/users/chatroom/6251aaeff84be7ed6977c566" "Mozilla/5.0 (Linux; Android 8.0.0; SM-G955U Build/R16NW) AppleWebKit/537.36 (KHTML, like Gecko) Chrome/87.0.4280.141 Mobile Safari/537.36"
::1 - - [14/Apr/2022:15:23:33 +0000] "GET / HTTP/1.1" 200 31858 "-" "Mozilla/5.0 (Windows NT 10.0; Win64; x64) AppleWebKit/537.36 (KHTML, like Gecko) Chrome/100.0.4896.88 Safari/537.36"
::1 - - [14/Apr/2022:15:29:30 +0000] "GET /users/auth/google/callback?code=4%2F0AX4XfWj0CqWSbIm5euMLPJChUh5TJWxu2hkYyVYuT7Di__1DkB7fro_xFyv611voYZ5jEA&scope=email+profile+https%3A%2F%2Fwww.googleapis.com%2Fauth%2Fuserinfo.profile+https%3A%2F%2Fwww.googleapis.com%2Fauth%2Fuserinfo.email+openid&authuser=0&prompt=none HTTP/1.1" 302 46 "http://52.66.213.251:8000/" "Mozilla/5.0 (Windows NT 10.0; Win64; x64) AppleWebKit/537.36 (KHTML, like Gecko) Chrome/100.0.4896.88 Safari/537.36"
::1 - - [14/Apr/2022:15:29:30 +0000] "GET / HTTP/1.1" 200 32229 "http://52.66.213.251:8000/" "Mozilla/5.0 (Windows NT 10.0; Win64; x64) AppleWebKit/537.36 (KHTML, like Gecko) Chrome/100.0.4896.88 Safari/537.36"
::1 - - [14/Apr/2022:15:29:54 +0000] "GET /users/auth/google/callback?code=4%2F0AX4XfWh2cAze6CMutUfgiRt17tmsKO2Bgbgh1ze00de0PDZtre6EKoozJlekJpGTvxzGvw&scope=email+profile+openid+https%3A%2F%2Fwww.googleapis.com%2Fauth%2Fuserinfo.email+https%3A%2F%2Fwww.googleapis.com%2Fauth%2Fuserinfo.profile&authuser=0&prompt=none HTTP/1.1" 302 46 "http://52.66.213.251:8000/" "Mozilla/5.0 (Windows NT 10.0; Win64; x64) AppleWebKit/537.36 (KHTML, like Gecko) Chrome/100.0.4896.88 Safari/537.36"
::1 - - [14/Apr/2022:15:29:54 +0000] "GET / HTTP/1.1" 304 - "http://52.66.213.251:8000/" "Mozilla/5.0 (Windows NT 10.0; Win64; x64) AppleWebKit/537.36 (KHTML, like Gecko) Chrome/100.0.4896.88 Safari/537.36"
