::1 - - [15/Apr/2022:06:53:32 +0000] "GET / HTTP/1.1" 200 31858 "-" "Mozilla/5.0 (Windows NT 10.0; Win64; x64) AppleWebKit/537.36 (KHTML, like Gecko) Chrome/100.0.4896.88 Safari/537.36"
::1 - - [15/Apr/2022:06:53:33 +0000] "GET /favicon.ico HTTP/1.1" 404 150 "http://localhost:8000/" "Mozilla/5.0 (Windows NT 10.0; Win64; x64) AppleWebKit/537.36 (KHTML, like Gecko) Chrome/100.0.4896.88 Safari/537.36"
::1 - - [15/Apr/2022:06:53:34 +0000] "POST /likes/toggle/?id=6251c6613908121947b700c6&type=Post HTTP/1.1" 200 70 "http://localhost:8000/" "Mozilla/5.0 (Windows NT 10.0; Win64; x64) AppleWebKit/537.36 (KHTML, like Gecko) Chrome/100.0.4896.88 Safari/537.36"
::1 - - [15/Apr/2022:06:53:35 +0000] "POST /likes/toggle/?id=6251c6613908121947b700c6&type=Post HTTP/1.1" 200 71 "http://localhost:8000/" "Mozilla/5.0 (Windows NT 10.0; Win64; x64) AppleWebKit/537.36 (KHTML, like Gecko) Chrome/100.0.4896.88 Safari/537.36"
::1 - - [15/Apr/2022:06:53:35 +0000] "POST /likes/toggle/?id=6251c6613908121947b700c6&type=Post HTTP/1.1" 200 70 "http://localhost:8000/" "Mozilla/5.0 (Windows NT 10.0; Win64; x64) AppleWebKit/537.36 (KHTML, like Gecko) Chrome/100.0.4896.88 Safari/537.36"
::1 - - [15/Apr/2022:06:53:35 +0000] "POST /likes/toggle/?id=6251c6613908121947b700c6&type=Post HTTP/1.1" 200 71 "http://localhost:8000/" "Mozilla/5.0 (Windows NT 10.0; Win64; x64) AppleWebKit/537.36 (KHTML, like Gecko) Chrome/100.0.4896.88 Safari/537.36"
::1 - - [15/Apr/2022:06:53:35 +0000] "POST /likes/toggle/?id=6251c6613908121947b700c6&type=Post HTTP/1.1" 200 70 "http://localhost:8000/" "Mozilla/5.0 (Windows NT 10.0; Win64; x64) AppleWebKit/537.36 (KHTML, like Gecko) Chrome/100.0.4896.88 Safari/537.36"
::1 - - [15/Apr/2022:06:53:35 +0000] "POST /likes/toggle/?id=6251c6613908121947b700c6&type=Post HTTP/1.1" 200 71 "http://localhost:8000/" "Mozilla/5.0 (Windows NT 10.0; Win64; x64) AppleWebKit/537.36 (KHTML, like Gecko) Chrome/100.0.4896.88 Safari/537.36"
::1 - - [15/Apr/2022:06:53:36 +0000] "POST /likes/toggle/?id=6251c6613908121947b700c6&type=Post HTTP/1.1" 200 70 "http://localhost:8000/" "Mozilla/5.0 (Windows NT 10.0; Win64; x64) AppleWebKit/537.36 (KHTML, like Gecko) Chrome/100.0.4896.88 Safari/537.36"
::1 - - [15/Apr/2022:06:53:36 +0000] "POST /likes/toggle/?id=6251c6613908121947b700c6&type=Post HTTP/1.1" 200 71 "http://localhost:8000/" "Mozilla/5.0 (Windows NT 10.0; Win64; x64) AppleWebKit/537.36 (KHTML, like Gecko) Chrome/100.0.4896.88 Safari/537.36"
::1 - - [15/Apr/2022:06:53:36 +0000] "POST /likes/toggle/?id=6251c6613908121947b700c6&type=Post HTTP/1.1" 200 70 "http://localhost:8000/" "Mozilla/5.0 (Windows NT 10.0; Win64; x64) AppleWebKit/537.36 (KHTML, like Gecko) Chrome/100.0.4896.88 Safari/537.36"
::1 - - [15/Apr/2022:06:53:36 +0000] "POST /likes/toggle/?id=6251c6613908121947b700c6&type=Post HTTP/1.1" 200 71 "http://localhost:8000/" "Mozilla/5.0 (Windows NT 10.0; Win64; x64) AppleWebKit/537.36 (KHTML, like Gecko) Chrome/100.0.4896.88 Safari/537.36"
::1 - - [15/Apr/2022:06:53:36 +0000] "POST /likes/toggle/?id=6251c6613908121947b700c6&type=Post HTTP/1.1" 200 70 "http://localhost:8000/" "Mozilla/5.0 (Windows NT 10.0; Win64; x64) AppleWebKit/537.36 (KHTML, like Gecko) Chrome/100.0.4896.88 Safari/537.36"
::1 - - [15/Apr/2022:06:53:36 +0000] "POST /likes/toggle/?id=6251c6613908121947b700c6&type=Post HTTP/1.1" 200 71 "http://localhost:8000/" "Mozilla/5.0 (Windows NT 10.0; Win64; x64) AppleWebKit/537.36 (KHTML, like Gecko) Chrome/100.0.4896.88 Safari/537.36"
::1 - - [15/Apr/2022:11:56:09 +0000] "GET / HTTP/1.1" 304 - "-" "Mozilla/5.0 (Windows NT 10.0; Win64; x64) AppleWebKit/537.36 (KHTML, like Gecko) Chrome/100.0.4896.88 Safari/537.36"
::1 - - [15/Apr/2022:11:56:11 +0000] "GET /users/chatroom/6251aaeff84be7ed6977c566 HTTP/1.1" 304 - "http://localhost:8000/" "Mozilla/5.0 (Windows NT 10.0; Win64; x64) AppleWebKit/537.36 (KHTML, like Gecko) Chrome/100.0.4896.88 Safari/537.36"
::1 - - [15/Apr/2022:11:56:12 +0000] "POST /chat/chatroom HTTP/1.1" 200 3361 "http://localhost:8000/users/chatroom/6251aaeff84be7ed6977c566" "Mozilla/5.0 (Windows NT 10.0; Win64; x64) AppleWebKit/537.36 (KHTML, like Gecko) Chrome/100.0.4896.88 Safari/537.36"
::1 - - [15/Apr/2022:11:56:12 +0000] "POST /chat/chatroom HTTP/1.1" 200 3361 "http://localhost:8000/users/chatroom/6251aaeff84be7ed6977c566" "Mozilla/5.0 (Windows NT 10.0; Win64; x64) AppleWebKit/537.36 (KHTML, like Gecko) Chrome/100.0.4896.88 Safari/537.36"
::1 - - [15/Apr/2022:11:56:17 +0000] "POST /chat/chatroom HTTP/1.1" 200 3361 "http://localhost:8000/users/chatroom/6251aaeff84be7ed6977c566" "Mozilla/5.0 (Linux; Android 8.0.0; SM-G955U Build/R16NW) AppleWebKit/537.36 (KHTML, like Gecko) Chrome/87.0.4280.141 Mobile Safari/537.36"
::1 - - [15/Apr/2022:11:56:17 +0000] "POST /chat/chatroom HTTP/1.1" 200 3361 "http://localhost:8000/users/chatroom/6251aaeff84be7ed6977c566" "Mozilla/5.0 (Linux; Android 8.0.0; SM-G955U Build/R16NW) AppleWebKit/537.36 (KHTML, like Gecko) Chrome/87.0.4280.141 Mobile Safari/537.36"
::1 - - [15/Apr/2022:11:56:18 +0000] "POST /chat/chatroom HTTP/1.1" 200 633 "http://localhost:8000/users/chatroom/6251aaeff84be7ed6977c566" "Mozilla/5.0 (Linux; Android 8.0.0; SM-G955U Build/R16NW) AppleWebKit/537.36 (KHTML, like Gecko) Chrome/87.0.4280.141 Mobile Safari/537.36"
::1 - - [15/Apr/2022:11:56:22 +0000] "POST /chat/chatroom HTTP/1.1" 200 633 "http://localhost:8000/users/chatroom/6251aaeff84be7ed6977c566" "Mozilla/5.0 (Linux; Android 8.0.0; SM-G955U Build/R16NW) AppleWebKit/537.36 (KHTML, like Gecko) Chrome/87.0.4280.141 Mobile Safari/537.36"
::1 - - [15/Apr/2022:11:56:24 +0000] "POST /chat/chatroom HTTP/1.1" 200 3361 "http://localhost:8000/users/chatroom/6251aaeff84be7ed6977c566" "Mozilla/5.0 (Linux; Android 8.0.0; SM-G955U Build/R16NW) AppleWebKit/537.36 (KHTML, like Gecko) Chrome/87.0.4280.141 Mobile Safari/537.36"
::1 - - [15/Apr/2022:11:56:24 +0000] "POST /chat/chatroom HTTP/1.1" 200 3361 "http://localhost:8000/users/chatroom/6251aaeff84be7ed6977c566" "Mozilla/5.0 (Linux; Android 8.0.0; SM-G955U Build/R16NW) AppleWebKit/537.36 (KHTML, like Gecko) Chrome/87.0.4280.141 Mobile Safari/537.36"
::1 - - [15/Apr/2022:11:56:25 +0000] "POST /chat/chatroom HTTP/1.1" 200 3361 "http://localhost:8000/users/chatroom/6251aaeff84be7ed6977c566" "Mozilla/5.0 (Linux; Android 8.0.0; SM-G955U Build/R16NW) AppleWebKit/537.36 (KHTML, like Gecko) Chrome/87.0.4280.141 Mobile Safari/537.36"
::1 - - [15/Apr/2022:11:56:25 +0000] "POST /chat/chatroom HTTP/1.1" 200 3361 "http://localhost:8000/users/chatroom/6251aaeff84be7ed6977c566" "Mozilla/5.0 (Linux; Android 8.0.0; SM-G955U Build/R16NW) AppleWebKit/537.36 (KHTML, like Gecko) Chrome/87.0.4280.141 Mobile Safari/537.36"
::1 - - [15/Apr/2022:11:56:25 +0000] "POST /chat/chatroom HTTP/1.1" 200 3361 "http://localhost:8000/users/chatroom/6251aaeff84be7ed6977c566" "Mozilla/5.0 (Linux; Android 8.0.0; SM-G955U Build/R16NW) AppleWebKit/537.36 (KHTML, like Gecko) Chrome/87.0.4280.141 Mobile Safari/537.36"
::1 - - [15/Apr/2022:11:56:25 +0000] "POST /chat/chatroom HTTP/1.1" 200 3361 "http://localhost:8000/users/chatroom/6251aaeff84be7ed6977c566" "Mozilla/5.0 (Linux; Android 8.0.0; SM-G955U Build/R16NW) AppleWebKit/537.36 (KHTML, like Gecko) Chrome/87.0.4280.141 Mobile Safari/537.36"
::1 - - [15/Apr/2022:11:56:26 +0000] "POST /chat/chatroom HTTP/1.1" 200 3361 "http://localhost:8000/users/chatroom/6251aaeff84be7ed6977c566" "Mozilla/5.0 (Linux; Android 8.0.0; SM-G955U Build/R16NW) AppleWebKit/537.36 (KHTML, like Gecko) Chrome/87.0.4280.141 Mobile Safari/537.36"
::1 - - [15/Apr/2022:11:56:26 +0000] "POST /chat/chatroom HTTP/1.1" 200 3361 "http://localhost:8000/users/chatroom/6251aaeff84be7ed6977c566" "Mozilla/5.0 (Linux; Android 8.0.0; SM-G955U Build/R16NW) AppleWebKit/537.36 (KHTML, like Gecko) Chrome/87.0.4280.141 Mobile Safari/537.36"
::1 - - [15/Apr/2022:11:56:27 +0000] "POST /chat/chatroom HTTP/1.1" 200 3361 "http://localhost:8000/users/chatroom/6251aaeff84be7ed6977c566" "Mozilla/5.0 (Linux; Android 8.0.0; SM-G955U Build/R16NW) AppleWebKit/537.36 (KHTML, like Gecko) Chrome/87.0.4280.141 Mobile Safari/537.36"
::1 - - [15/Apr/2022:11:56:27 +0000] "POST /chat/chatroom HTTP/1.1" 200 3361 "http://localhost:8000/users/chatroom/6251aaeff84be7ed6977c566" "Mozilla/5.0 (Linux; Android 8.0.0; SM-G955U Build/R16NW) AppleWebKit/537.36 (KHTML, like Gecko) Chrome/87.0.4280.141 Mobile Safari/537.36"
::1 - - [15/Apr/2022:11:56:27 +0000] "POST /chat/chatroom HTTP/1.1" 200 3361 "http://localhost:8000/users/chatroom/6251aaeff84be7ed6977c566" "Mozilla/5.0 (Linux; Android 8.0.0; SM-G955U Build/R16NW) AppleWebKit/537.36 (KHTML, like Gecko) Chrome/87.0.4280.141 Mobile Safari/537.36"
::1 - - [15/Apr/2022:11:56:27 +0000] "POST /chat/chatroom HTTP/1.1" 200 3361 "http://localhost:8000/users/chatroom/6251aaeff84be7ed6977c566" "Mozilla/5.0 (Linux; Android 8.0.0; SM-G955U Build/R16NW) AppleWebKit/537.36 (KHTML, like Gecko) Chrome/87.0.4280.141 Mobile Safari/537.36"
::1 - - [15/Apr/2022:11:56:28 +0000] "GET /users/profile/6251aaeff84be7ed6977c566/6251aaeff84be7ed6977c566 HTTP/1.1" 200 33205 "http://localhost:8000/users/chatroom/6251aaeff84be7ed6977c566" "Mozilla/5.0 (Linux; Android 8.0.0; SM-G955U Build/R16NW) AppleWebKit/537.36 (KHTML, like Gecko) Chrome/87.0.4280.141 Mobile Safari/537.36"
::1 - - [15/Apr/2022:11:56:32 +0000] "GET /users/chatroom/6251aaeff84be7ed6977c566 HTTP/1.1" 304 - "http://localhost:8000/users/profile/6251aaeff84be7ed6977c566/6251aaeff84be7ed6977c566" "Mozilla/5.0 (Linux; Android 8.0.0; SM-G955U Build/R16NW) AppleWebKit/537.36 (KHTML, like Gecko) Chrome/87.0.4280.141 Mobile Safari/537.36"
::1 - - [15/Apr/2022:11:56:34 +0000] "POST /chat/chatroom HTTP/1.1" - - "http://localhost:8000/users/chatroom/6251aaeff84be7ed6977c566" "Mozilla/5.0 (Linux; Android 8.0.0; SM-G955U Build/R16NW) AppleWebKit/537.36 (KHTML, like Gecko) Chrome/87.0.4280.141 Mobile Safari/537.36"
::1 - - [15/Apr/2022:11:56:35 +0000] "POST /chat/chatroom HTTP/1.1" - - "http://localhost:8000/users/chatroom/6251aaeff84be7ed6977c566" "Mozilla/5.0 (Linux; Android 8.0.0; SM-G955U Build/R16NW) AppleWebKit/537.36 (KHTML, like Gecko) Chrome/87.0.4280.141 Mobile Safari/537.36"
::1 - - [15/Apr/2022:11:56:37 +0000] "POST /chat/chatroom HTTP/1.1" - - "http://localhost:8000/users/chatroom/6251aaeff84be7ed6977c566" "Mozilla/5.0 (Linux; Android 8.0.0; SM-G955U Build/R16NW) AppleWebKit/537.36 (KHTML, like Gecko) Chrome/87.0.4280.141 Mobile Safari/537.36"
::1 - - [15/Apr/2022:11:56:37 +0000] "GET /users/chatroom/6251aaeff84be7ed6977c566 HTTP/1.1" 304 - "http://localhost:8000/users/profile/6251aaeff84be7ed6977c566/6251aaeff84be7ed6977c566" "Mozilla/5.0 (Linux; Android 8.0.0; SM-G955U Build/R16NW) AppleWebKit/537.36 (KHTML, like Gecko) Chrome/87.0.4280.141 Mobile Safari/537.36"
::1 - - [15/Apr/2022:11:56:38 +0000] "POST /chat/chatroom HTTP/1.1" 200 3361 "http://localhost:8000/users/chatroom/6251aaeff84be7ed6977c566" "Mozilla/5.0 (Linux; Android 8.0.0; SM-G955U Build/R16NW) AppleWebKit/537.36 (KHTML, like Gecko) Chrome/87.0.4280.141 Mobile Safari/537.36"
::1 - - [15/Apr/2022:11:56:38 +0000] "POST /chat/chatroom HTTP/1.1" 200 3361 "http://localhost:8000/users/chatroom/6251aaeff84be7ed6977c566" "Mozilla/5.0 (Linux; Android 8.0.0; SM-G955U Build/R16NW) AppleWebKit/537.36 (KHTML, like Gecko) Chrome/87.0.4280.141 Mobile Safari/537.36"
::1 - - [15/Apr/2022:11:56:38 +0000] "POST /chat/chatroom HTTP/1.1" 200 3361 "http://localhost:8000/users/chatroom/6251aaeff84be7ed6977c566" "Mozilla/5.0 (Linux; Android 8.0.0; SM-G955U Build/R16NW) AppleWebKit/537.36 (KHTML, like Gecko) Chrome/87.0.4280.141 Mobile Safari/537.36"
::1 - - [15/Apr/2022:11:56:38 +0000] "POST /chat/chatroom HTTP/1.1" 200 3361 "http://localhost:8000/users/chatroom/6251aaeff84be7ed6977c566" "Mozilla/5.0 (Linux; Android 8.0.0; SM-G955U Build/R16NW) AppleWebKit/537.36 (KHTML, like Gecko) Chrome/87.0.4280.141 Mobile Safari/537.36"
::1 - - [15/Apr/2022:11:56:39 +0000] "POST /chat/chatroom HTTP/1.1" 200 633 "http://localhost:8000/users/chatroom/6251aaeff84be7ed6977c566" "Mozilla/5.0 (Linux; Android 8.0.0; SM-G955U Build/R16NW) AppleWebKit/537.36 (KHTML, like Gecko) Chrome/87.0.4280.141 Mobile Safari/537.36"
::1 - - [15/Apr/2022:11:56:41 +0000] "POST /chat/chatroom HTTP/1.1" 200 633 "http://localhost:8000/users/chatroom/6251aaeff84be7ed6977c566" "Mozilla/5.0 (Linux; Android 8.0.0; SM-G955U Build/R16NW) AppleWebKit/537.36 (KHTML, like Gecko) Chrome/87.0.4280.141 Mobile Safari/537.36"
::1 - - [15/Apr/2022:11:56:42 +0000] "POST /chat/chatroom HTTP/1.1" 200 633 "http://localhost:8000/users/chatroom/6251aaeff84be7ed6977c566" "Mozilla/5.0 (Linux; Android 8.0.0; SM-G955U Build/R16NW) AppleWebKit/537.36 (KHTML, like Gecko) Chrome/87.0.4280.141 Mobile Safari/537.36"
::1 - - [15/Apr/2022:11:56:43 +0000] "POST /chat/chatroom HTTP/1.1" 200 580 "http://localhost:8000/users/chatroom/6251aaeff84be7ed6977c566" "Mozilla/5.0 (Linux; Android 8.0.0; SM-G955U Build/R16NW) AppleWebKit/537.36 (KHTML, like Gecko) Chrome/87.0.4280.141 Mobile Safari/537.36"
::1 - - [15/Apr/2022:11:56:45 +0000] "POST /chat/chatroom HTTP/1.1" - - "http://localhost:8000/users/chatroom/6251aaeff84be7ed6977c566" "Mozilla/5.0 (Linux; Android 8.0.0; SM-G955U Build/R16NW) AppleWebKit/537.36 (KHTML, like Gecko) Chrome/87.0.4280.141 Mobile Safari/537.36"
::1 - - [15/Apr/2022:11:56:47 +0000] "POST /chat/chatroom HTTP/1.1" 200 3361 "http://localhost:8000/users/chatroom/6251aaeff84be7ed6977c566" "Mozilla/5.0 (Linux; Android 8.0.0; SM-G955U Build/R16NW) AppleWebKit/537.36 (KHTML, like Gecko) Chrome/87.0.4280.141 Mobile Safari/537.36"
::1 - - [15/Apr/2022:11:56:47 +0000] "POST /chat/chatroom HTTP/1.1" 200 3361 "http://localhost:8000/users/chatroom/6251aaeff84be7ed6977c566" "Mozilla/5.0 (Linux; Android 8.0.0; SM-G955U Build/R16NW) AppleWebKit/537.36 (KHTML, like Gecko) Chrome/87.0.4280.141 Mobile Safari/537.36"
::1 - - [15/Apr/2022:11:56:47 +0000] "POST /chat/chatroom HTTP/1.1" 200 633 "http://localhost:8000/users/chatroom/6251aaeff84be7ed6977c566" "Mozilla/5.0 (Linux; Android 8.0.0; SM-G955U Build/R16NW) AppleWebKit/537.36 (KHTML, like Gecko) Chrome/87.0.4280.141 Mobile Safari/537.36"
::1 - - [15/Apr/2022:11:56:57 +0000] "POST /chat/chatroom HTTP/1.1" - - "http://localhost:8000/users/chatroom/6251aaeff84be7ed6977c566" "Mozilla/5.0 (Linux; Android 8.0.0; SM-G955U Build/R16NW) AppleWebKit/537.36 (KHTML, like Gecko) Chrome/87.0.4280.141 Mobile Safari/537.36"
::1 - - [15/Apr/2022:11:56:58 +0000] "GET /users/chatroom/6251aaeff84be7ed6977c566 HTTP/1.1" 304 - "http://localhost:8000/users/profile/6251aaeff84be7ed6977c566/6251aaeff84be7ed6977c566" "Mozilla/5.0 (Linux; Android 8.0.0; SM-G955U Build/R16NW) AppleWebKit/537.36 (KHTML, like Gecko) Chrome/87.0.4280.141 Mobile Safari/537.36"
::1 - - [15/Apr/2022:11:56:58 +0000] "POST /chat/chatroom HTTP/1.1" 200 633 "http://localhost:8000/users/chatroom/6251aaeff84be7ed6977c566" "Mozilla/5.0 (Linux; Android 8.0.0; SM-G955U Build/R16NW) AppleWebKit/537.36 (KHTML, like Gecko) Chrome/87.0.4280.141 Mobile Safari/537.36"
::1 - - [15/Apr/2022:13:35:57 +0000] "GET / HTTP/1.1" 200 31858 "-" "Mozilla/5.0 (Windows NT 10.0; Win64; x64) AppleWebKit/537.36 (KHTML, like Gecko) Chrome/100.0.4896.88 Safari/537.36"
::1 - - [15/Apr/2022:13:35:58 +0000] "GET /users/chatroom/6251aaeff84be7ed6977c566 HTTP/1.1" 304 - "http://localhost:8000/" "Mozilla/5.0 (Windows NT 10.0; Win64; x64) AppleWebKit/537.36 (KHTML, like Gecko) Chrome/100.0.4896.88 Safari/537.36"
::1 - - [15/Apr/2022:13:36:00 +0000] "POST /chat/chatroom HTTP/1.1" 200 3361 "http://localhost:8000/users/chatroom/6251aaeff84be7ed6977c566" "Mozilla/5.0 (Windows NT 10.0; Win64; x64) AppleWebKit/537.36 (KHTML, like Gecko) Chrome/100.0.4896.88 Safari/537.36"
::1 - - [15/Apr/2022:13:36:00 +0000] "POST /chat/chatroom HTTP/1.1" 200 3361 "http://localhost:8000/users/chatroom/6251aaeff84be7ed6977c566" "Mozilla/5.0 (Windows NT 10.0; Win64; x64) AppleWebKit/537.36 (KHTML, like Gecko) Chrome/100.0.4896.88 Safari/537.36"
::1 - - [15/Apr/2022:13:36:00 +0000] "POST /chat/chatroom HTTP/1.1" 200 3361 "http://localhost:8000/users/chatroom/6251aaeff84be7ed6977c566" "Mozilla/5.0 (Windows NT 10.0; Win64; x64) AppleWebKit/537.36 (KHTML, like Gecko) Chrome/100.0.4896.88 Safari/537.36"
::1 - - [15/Apr/2022:13:36:00 +0000] "POST /chat/chatroom HTTP/1.1" 200 3361 "http://localhost:8000/users/chatroom/6251aaeff84be7ed6977c566" "Mozilla/5.0 (Windows NT 10.0; Win64; x64) AppleWebKit/537.36 (KHTML, like Gecko) Chrome/100.0.4896.88 Safari/537.36"
::1 - - [15/Apr/2022:13:36:01 +0000] "POST /chat/chatroom HTTP/1.1" 200 633 "http://localhost:8000/users/chatroom/6251aaeff84be7ed6977c566" "Mozilla/5.0 (Windows NT 10.0; Win64; x64) AppleWebKit/537.36 (KHTML, like Gecko) Chrome/100.0.4896.88 Safari/537.36"
::1 - - [15/Apr/2022:13:36:11 +0000] "GET /users/chatroom/6251aaeff84be7ed6977c566 HTTP/1.1" 304 - "http://localhost:8000/" "Mozilla/5.0 (Windows NT 10.0; Win64; x64) AppleWebKit/537.36 (KHTML, like Gecko) Chrome/100.0.4896.88 Safari/537.36"
::1 - - [15/Apr/2022:13:36:12 +0000] "POST /chat/chatroom HTTP/1.1" 200 633 "http://localhost:8000/users/chatroom/6251aaeff84be7ed6977c566" "Mozilla/5.0 (Windows NT 10.0; Win64; x64) AppleWebKit/537.36 (KHTML, like Gecko) Chrome/100.0.4896.88 Safari/537.36"
